TN:
SF:app.js
FN:20,(anonymous_0)
FNF:1
FNH:0
FNDA:0,(anonymous_0)
DA:8,3
DA:11,3
DA:12,3
DA:15,3
DA:16,3
DA:17,3
DA:20,3
DA:21,0
LF:8
LH:7
BRF:0
BRH:0
end_of_record
TN:
SF:controllers\adminController.js
FN:12,(anonymous_0)
FN:66,(anonymous_1)
FN:86,(anonymous_2)
FN:97,(anonymous_3)
FN:108,(anonymous_4)
FN:122,(anonymous_5)
FN:135,(anonymous_6)
FN:143,(anonymous_7)
FN:150,(anonymous_8)
FN:169,(anonymous_9)
FN:242,(anonymous_10)
FN:252,(anonymous_11)
FN:295,(anonymous_12)
FNF:13
FNH:0
FNDA:0,(anonymous_0)
FNDA:0,(anonymous_1)
FNDA:0,(anonymous_2)
FNDA:0,(anonymous_3)
FNDA:0,(anonymous_4)
FNDA:0,(anonymous_5)
FNDA:0,(anonymous_6)
FNDA:0,(anonymous_7)
FNDA:0,(anonymous_8)
FNDA:0,(anonymous_9)
FNDA:0,(anonymous_10)
FNDA:0,(anonymous_11)
FNDA:0,(anonymous_12)
DA:12,3
DA:13,0
DA:15,0
DA:16,0
DA:19,0
DA:20,0
DA:24,0
DA:25,0
DA:29,0
DA:30,0
DA:34,0
DA:35,0
DA:38,0
DA:39,0
DA:41,0
DA:55,0
DA:56,0
DA:57,0
DA:60,0
DA:61,0
DA:66,3
DA:67,0
DA:69,0
DA:71,0
DA:72,0
DA:73,0
DA:75,0
DA:79,0
DA:80,0
DA:86,3
DA:87,0
DA:88,0
DA:89,0
DA:91,0
DA:92,0
DA:97,3
DA:98,0
DA:99,0
DA:100,0
DA:102,0
DA:103,0
DA:108,3
DA:109,0
DA:110,0
DA:112,0
DA:114,0
DA:117,0
DA:118,0
DA:120,0
DA:122,0
DA:124,0
DA:125,0
DA:129,0
DA:130,0
DA:135,3
DA:136,0
DA:137,0
DA:138,0
DA:139,0
DA:142,0
DA:143,0
DA:144,0
DA:145,0
DA:150,0
DA:152,0
DA:161,0
DA:163,0
DA:164,0
DA:169,3
DA:170,0
DA:171,0
DA:172,0
DA:175,0
DA:176,0
DA:180,0
DA:181,0
DA:185,0
DA:186,0
DA:190,0
DA:191,0
DA:192,0
DA:196,0
DA:197,0
DA:200,0
DA:201,0
DA:202,0
DA:203,0
DA:207,0
DA:208,0
DA:209,0
DA:210,0
DA:212,0
DA:217,0
DA:230,0
DA:231,0
DA:233,0
DA:236,0
DA:237,0
DA:242,3
DA:243,0
DA:244,0
DA:245,0
DA:247,0
DA:248,0
DA:252,3
DA:253,0
DA:254,0
DA:256,0
DA:257,0
DA:261,0
DA:262,0
DA:263,0
DA:267,0
DA:273,0
DA:274,0
DA:281,0
DA:284,0
DA:286,0
DA:289,0
DA:290,0
DA:295,3
DA:296,0
DA:297,0
DA:299,0
DA:300,0
DA:304,0
DA:305,0
DA:306,0
DA:310,0
DA:316,0
DA:317,0
DA:324,0
DA:325,0
DA:327,0
DA:328,0
DA:329,0
DA:331,0
DA:332,0
DA:335,0
DA:341,0
DA:344,0
DA:346,0
DA:349,0
DA:350,0
LF:144
LH:10
BRDA:19,0,0,0
BRDA:19,0,1,0
BRDA:19,1,0,0
BRDA:19,1,1,0
BRDA:19,1,2,0
BRDA:19,1,3,0
BRDA:19,1,4,0
BRDA:19,1,5,0
BRDA:19,1,6,0
BRDA:19,1,7,0
BRDA:19,1,8,0
BRDA:24,2,0,0
BRDA:24,2,1,0
BRDA:29,3,0,0
BRDA:29,3,1,0
BRDA:71,4,0,0
BRDA:71,4,1,0
BRDA:71,5,0,0
BRDA:71,5,1,0
BRDA:144,6,0,0
BRDA:144,6,1,0
BRDA:175,7,0,0
BRDA:175,7,1,0
BRDA:175,8,0,0
BRDA:175,8,1,0
BRDA:175,8,2,0
BRDA:175,8,3,0
BRDA:180,9,0,0
BRDA:180,9,1,0
BRDA:185,10,0,0
BRDA:185,10,1,0
BRDA:191,11,0,0
BRDA:191,11,1,0
BRDA:201,12,0,0
BRDA:201,12,1,0
BRDA:208,13,0,0
BRDA:208,13,1,0
BRDA:210,14,0,0
BRDA:210,14,1,0
BRDA:223,15,0,0
BRDA:223,15,1,0
BRDA:224,16,0,0
BRDA:224,16,1,0
BRDA:225,17,0,0
BRDA:225,17,1,0
BRDA:226,18,0,0
BRDA:226,18,1,0
BRDA:256,19,0,0
BRDA:256,19,1,0
BRDA:262,20,0,0
BRDA:262,20,1,0
BRDA:273,21,0,0
BRDA:273,21,1,0
BRDA:299,22,0,0
BRDA:299,22,1,0
BRDA:305,23,0,0
BRDA:305,23,1,0
BRDA:316,24,0,0
BRDA:316,24,1,0
BRDA:324,25,0,0
BRDA:324,25,1,0
BRDA:324,26,0,0
BRDA:324,26,1,0
BRDA:331,27,0,0
BRDA:331,27,1,0
BRF:65
BRH:0
end_of_record
TN:
SF:controllers\doctorController.js
FN:6,(anonymous_0)
FN:19,(anonymous_1)
FN:29,(anonymous_2)
FN:54,(anonymous_3)
FN:68,(anonymous_4)
FN:87,(anonymous_5)
FN:107,(anonymous_6)
FN:126,(anonymous_7)
FN:133,(anonymous_8)
FN:141,(anonymous_9)
FN:161,(anonymous_10)
FN:174,(anonymous_11)
FNF:12
FNH:0
FNDA:0,(anonymous_0)
FNDA:0,(anonymous_1)
FNDA:0,(anonymous_2)
FNDA:0,(anonymous_3)
FNDA:0,(anonymous_4)
FNDA:0,(anonymous_5)
FNDA:0,(anonymous_6)
FNDA:0,(anonymous_7)
FNDA:0,(anonymous_8)
FNDA:0,(anonymous_9)
FNDA:0,(anonymous_10)
FNDA:0,(anonymous_11)
DA:6,3
DA:7,0
DA:8,0
DA:10,0
DA:11,0
DA:12,0
DA:14,0
DA:15,0
DA:19,3
DA:20,0
DA:21,0
DA:22,0
DA:24,0
DA:25,0
DA:29,3
DA:30,0
DA:31,0
DA:32,0
DA:34,0
DA:35,0
DA:38,0
DA:40,0
DA:41,0
DA:42,0
DA:44,0
DA:48,0
DA:49,0
DA:54,3
DA:55,0
DA:56,0
DA:57,0
DA:59,0
DA:61,0
DA:62,0
DA:68,3
DA:69,0
DA:70,0
DA:71,0
DA:73,0
DA:74,0
DA:76,0
DA:78,0
DA:81,0
DA:82,0
DA:87,3
DA:88,0
DA:89,0
DA:90,0
DA:92,0
DA:93,0
DA:97,0
DA:99,0
DA:101,0
DA:102,0
DA:105,0
DA:106,0
DA:107,0
DA:110,0
DA:114,0
DA:116,0
DA:119,0
DA:120,0
DA:126,3
DA:127,0
DA:128,0
DA:129,0
DA:132,0
DA:133,0
DA:134,0
DA:135,0
DA:139,0
DA:141,0
DA:142,0
DA:143,0
DA:147,0
DA:153,0
DA:155,0
DA:156,0
DA:161,3
DA:162,0
DA:163,0
DA:164,0
DA:166,0
DA:168,0
DA:169,0
DA:174,3
DA:175,0
DA:176,0
DA:178,0
DA:180,0
DA:182,0
DA:183,0
LF:92
LH:9
BRDA:34,0,0,0
BRDA:34,0,1,0
BRDA:40,1,0,0
BRDA:40,1,1,0
BRDA:73,2,0,0
BRDA:73,2,1,0
BRDA:73,3,0,0
BRDA:73,3,1,0
BRDA:82,4,0,0
BRDA:82,4,1,0
BRDA:92,5,0,0
BRDA:92,5,1,0
BRDA:92,6,0,0
BRDA:92,6,1,0
BRDA:99,7,0,0
BRDA:99,7,1,0
BRDA:99,8,0,0
BRDA:99,8,1,0
BRDA:105,9,0,0
BRDA:105,9,1,0
BRDA:120,10,0,0
BRDA:120,10,1,0
BRDA:134,11,0,0
BRDA:134,11,1,0
BRDA:142,12,0,0
BRDA:142,12,1,0
BRDA:156,13,0,0
BRDA:156,13,1,0
BRDA:169,14,0,0
BRDA:169,14,1,0
BRDA:183,15,0,0
BRDA:183,15,1,0
BRF:32
BRH:0
end_of_record
TN:
SF:controllers\prescriptionController.js
FN:8,(anonymous_0)
FN:117,(anonymous_1)
FN:130,(anonymous_2)
FN:142,(anonymous_3)
FN:159,(anonymous_4)
FN:170,(anonymous_5)
FN:182,(anonymous_6)
FN:199,(anonymous_7)
FN:221,(anonymous_8)
FNF:9
FNH:0
FNDA:0,(anonymous_0)
FNDA:0,(anonymous_1)
FNDA:0,(anonymous_2)
FNDA:0,(anonymous_3)
FNDA:0,(anonymous_4)
FNDA:0,(anonymous_5)
FNDA:0,(anonymous_6)
FNDA:0,(anonymous_7)
FNDA:0,(anonymous_8)
DA:8,3
DA:9,0
DA:10,0
DA:11,0
DA:13,0
DA:14,0
DA:18,0
DA:19,0
DA:20,0
DA:23,0
DA:24,0
DA:25,0
DA:29,0
DA:30,0
DA:31,0
DA:32,0
DA:36,0
DA:37,0
DA:38,0
DA:45,0
DA:51,0
DA:59,0
DA:68,0
DA:70,0
DA:79,0
DA:92,0
DA:93,0
DA:96,0
DA:98,0
DA:105,0
DA:106,0
DA:109,0
DA:117,3
DA:118,0
DA:119,0
DA:122,0
DA:129,0
DA:130,0
DA:131,0
DA:132,0
DA:133,0
DA:138,0
DA:142,0
DA:143,0
DA:144,0
DA:145,0
DA:148,0
DA:153,0
DA:154,0
DA:159,3
DA:160,0
DA:161,0
DA:164,0
DA:169,0
DA:170,0
DA:171,0
DA:172,0
DA:173,0
DA:178,0
DA:182,0
DA:183,0
DA:184,0
DA:185,0
DA:188,0
DA:193,0
DA:194,0
DA:199,3
DA:200,0
DA:201,0
DA:203,0
DA:204,0
DA:205,0
DA:208,0
DA:209,0
DA:212,0
DA:213,0
DA:215,0
DA:217,0
DA:221,3
DA:222,0
DA:223,0
DA:225,0
DA:226,0
DA:227,0
DA:231,0
DA:234,0
DA:235,0
LF:87
LH:5
BRDA:13,0,0,0
BRDA:13,0,1,0
BRDA:18,1,0,0
BRDA:18,1,1,0
BRDA:23,2,0,0
BRDA:23,2,1,0
BRDA:30,3,0,0
BRDA:30,3,1,0
BRDA:36,4,0,0
BRDA:36,4,1,0
BRDA:87,5,0,0
BRDA:87,5,1,0
BRDA:105,6,0,0
BRDA:105,6,1,0
BRDA:105,7,0,0
BRDA:105,7,1,0
BRDA:111,8,0,0
BRDA:111,8,1,0
BRDA:132,9,0,0
BRDA:132,9,1,0
BRDA:143,10,0,0
BRDA:143,10,1,0
BRDA:144,11,0,0
BRDA:144,11,1,0
BRDA:172,12,0,0
BRDA:172,12,1,0
BRDA:183,13,0,0
BRDA:183,13,1,0
BRDA:184,14,0,0
BRDA:184,14,1,0
BRDA:204,15,0,0
BRDA:204,15,1,0
BRDA:208,16,0,0
BRDA:208,16,1,0
BRDA:226,17,0,0
BRDA:226,17,1,0
BRF:36
BRH:0
end_of_record
TN:
SF:controllers\questionController.js
FN:5,(anonymous_0)
FN:62,(anonymous_1)
FN:94,(anonymous_2)
FN:99,(anonymous_3)
FN:131,(anonymous_4)
FN:134,(anonymous_5)
FN:135,(anonymous_6)
FN:142,(anonymous_7)
FN:148,(anonymous_8)
FN:164,(anonymous_9)
FN:206,(anonymous_10)
FN:212,(anonymous_11)
FN:223,(anonymous_12)
FN:252,(anonymous_13)
FN:286,(anonymous_14)
FNF:15
FNH:0
FNDA:0,(anonymous_0)
FNDA:0,(anonymous_1)
FNDA:0,(anonymous_2)
FNDA:0,(anonymous_3)
FNDA:0,(anonymous_4)
FNDA:0,(anonymous_5)
FNDA:0,(anonymous_6)
FNDA:0,(anonymous_7)
FNDA:0,(anonymous_8)
FNDA:0,(anonymous_9)
FNDA:0,(anonymous_10)
FNDA:0,(anonymous_11)
FNDA:0,(anonymous_12)
FNDA:0,(anonymous_13)
FNDA:0,(anonymous_14)
DA:5,3
DA:6,0
DA:7,0
DA:8,0
DA:11,0
DA:13,0
DA:14,0
DA:17,0
DA:18,0
DA:21,0
DA:22,0
DA:26,0
DA:27,0
DA:28,0
DA:29,0
DA:30,0
DA:33,0
DA:37,0
DA:47,0
DA:49,0
DA:56,0
DA:57,0
DA:62,3
DA:63,0
DA:64,0
DA:65,0
DA:67,0
DA:69,0
DA:70,0
DA:73,0
DA:74,0
DA:78,0
DA:83,0
DA:85,0
DA:88,0
DA:89,0
DA:94,3
DA:95,0
DA:96,0
DA:99,0
DA:100,0
DA:102,0
DA:103,0
DA:111,0
DA:112,0
DA:115,0
DA:116,0
DA:119,0
DA:120,0
DA:124,0
DA:125,0
DA:130,0
DA:131,0
DA:134,0
DA:135,0
DA:138,0
DA:142,3
DA:143,0
DA:144,0
DA:147,0
DA:148,0
DA:151,0
DA:156,0
DA:158,0
DA:159,0
DA:164,3
DA:165,0
DA:166,0
DA:167,0
DA:169,0
DA:172,0
DA:173,0
DA:176,0
DA:177,0
DA:181,0
DA:182,0
DA:183,0
DA:190,0
DA:198,0
DA:200,0
DA:201,0
DA:206,3
DA:207,0
DA:208,0
DA:211,0
DA:212,0
DA:215,0
DA:221,0
DA:223,0
DA:224,0
DA:225,0
DA:226,0
DA:234,0
DA:235,0
DA:236,0
DA:240,0
DA:246,0
DA:247,0
DA:252,3
DA:253,0
DA:254,0
DA:255,0
DA:257,0
DA:259,0
DA:260,0
DA:263,0
DA:264,0
DA:267,0
DA:268,0
DA:269,0
DA:271,0
DA:273,0
DA:280,0
DA:281,0
DA:286,3
DA:287,0
DA:288,0
DA:290,0
DA:292,0
DA:293,0
DA:297,0
DA:300,0
DA:310,0
DA:317,0
DA:318,0
LF:125
LH:8
BRDA:13,0,0,0
BRDA:13,0,1,0
BRDA:17,1,0,0
BRDA:17,1,1,0
BRDA:21,2,0,0
BRDA:21,2,1,0
BRDA:27,3,0,0
BRDA:27,3,1,0
BRDA:29,4,0,0
BRDA:29,4,1,0
BRDA:33,5,0,0
BRDA:33,5,1,0
BRDA:43,6,0,0
BRDA:43,6,1,0
BRDA:69,7,0,0
BRDA:69,7,1,0
BRDA:73,8,0,0
BRDA:73,8,1,0
BRDA:100,9,0,0
BRDA:100,9,1,0
BRDA:102,10,0,0
BRDA:102,10,1,0
BRDA:115,11,0,0
BRDA:115,11,1,0
BRDA:119,12,0,0
BRDA:119,12,1,0
BRDA:124,13,0,0
BRDA:124,13,1,0
BRDA:124,14,0,0
BRDA:124,14,1,0
BRDA:172,15,0,0
BRDA:172,15,1,0
BRDA:176,16,0,0
BRDA:176,16,1,0
BRDA:182,17,0,0
BRDA:182,17,1,0
BRDA:225,18,0,0
BRDA:225,18,1,0
BRDA:235,19,0,0
BRDA:235,19,1,0
BRDA:259,20,0,0
BRDA:259,20,1,0
BRDA:263,21,0,0
BRDA:263,21,1,0
BRDA:292,22,0,0
BRDA:292,22,1,0
BRDA:297,23,0,0
BRDA:297,23,1,0
BRF:48
BRH:0
end_of_record
TN:
SF:controllers\userController.js
FN:11,(anonymous_0)
FN:60,(anonymous_1)
FN:84,(anonymous_2)
FN:97,(anonymous_3)
FN:138,(anonymous_4)
FN:279,(anonymous_5)
FN:292,(anonymous_6)
FN:310,(anonymous_7)
FNF:8
FNH:0
FNDA:0,(anonymous_0)
FNDA:0,(anonymous_1)
FNDA:0,(anonymous_2)
FNDA:0,(anonymous_3)
FNDA:0,(anonymous_4)
FNDA:0,(anonymous_5)
FNDA:0,(anonymous_6)
FNDA:0,(anonymous_7)
DA:11,3
DA:12,0
DA:14,0
DA:15,0
DA:18,0
DA:20,0
DA:21,0
DA:26,0
DA:27,0
DA:32,0
DA:33,0
DA:37,0
DA:38,0
DA:40,0
DA:46,0
DA:47,0
DA:49,0
DA:50,0
DA:53,0
DA:54,0
DA:60,3
DA:61,0
DA:62,0
DA:63,0
DA:64,0
DA:65,0
DA:68,0
DA:70,0
DA:71,0
DA:72,0
DA:75,0
DA:78,0
DA:79,0
DA:84,3
DA:85,0
DA:86,0
DA:87,0
DA:89,0
DA:91,0
DA:92,0
DA:97,3
DA:98,0
DA:99,0
DA:100,0
DA:102,0
DA:103,0
DA:106,0
DA:108,0
DA:119,0
DA:121,0
DA:123,0
DA:124,0
DA:126,0
DA:130,0
DA:132,0
DA:133,0
DA:138,3
DA:139,0
DA:140,0
DA:142,0
DA:144,0
DA:145,0
DA:149,0
DA:156,0
DA:157,0
DA:164,0
DA:166,0
DA:167,0
DA:170,0
DA:171,0
DA:175,0
DA:182,0
DA:183,0
DA:190,0
DA:192,0
DA:193,0
DA:196,0
DA:198,0
DA:199,0
DA:203,0
DA:238,0
DA:239,0
DA:242,0
DA:243,0
DA:245,0
DA:247,0
DA:249,0
DA:256,0
DA:259,0
DA:261,0
DA:262,0
DA:266,0
DA:267,0
DA:274,0
DA:279,3
DA:280,0
DA:281,0
DA:282,0
DA:284,0
DA:286,0
DA:287,0
DA:292,3
DA:293,0
DA:294,0
DA:296,0
DA:299,0
DA:300,0
DA:302,0
DA:305,0
DA:306,0
DA:308,0
DA:310,0
DA:312,0
DA:313,0
DA:317,0
DA:318,0
LF:116
LH:7
BRDA:20,0,0,0
BRDA:20,0,1,0
BRDA:20,1,0,0
BRDA:20,1,1,0
BRDA:20,1,2,0
BRDA:26,2,0,0
BRDA:26,2,1,0
BRDA:32,3,0,0
BRDA:32,3,1,0
BRDA:64,4,0,0
BRDA:64,4,1,0
BRDA:70,5,0,0
BRDA:70,5,1,0
BRDA:102,6,0,0
BRDA:102,6,1,0
BRDA:102,7,0,0
BRDA:102,7,1,0
BRDA:102,7,2,0
BRDA:102,7,3,0
BRDA:102,7,4,0
BRDA:106,8,0,0
BRDA:106,8,1,0
BRDA:121,9,0,0
BRDA:121,9,1,0
BRDA:144,10,0,0
BRDA:144,10,1,0
BRDA:144,11,0,0
BRDA:144,11,1,0
BRDA:144,11,2,0
BRDA:156,12,0,0
BRDA:156,12,1,0
BRDA:166,13,0,0
BRDA:166,13,1,0
BRDA:170,14,0,0
BRDA:170,14,1,0
BRDA:182,15,0,0
BRDA:182,15,1,0
BRDA:190,16,0,0
BRDA:190,16,1,0
BRDA:192,17,0,0
BRDA:192,17,1,0
BRDA:192,18,0,0
BRDA:192,18,1,0
BRDA:198,19,0,0
BRDA:198,19,1,0
BRDA:215,20,0,0
BRDA:215,20,1,0
BRDA:216,21,0,0
BRDA:216,21,1,0
BRDA:242,22,0,0
BRDA:242,22,1,0
BRDA:259,23,0,0
BRDA:259,23,1,0
BRDA:261,24,0,0
BRDA:261,24,1,0
BRDA:261,25,0,0
BRDA:261,25,1,0
BRDA:261,25,2,0
BRDA:261,25,3,0
BRDA:266,26,0,0
BRDA:266,26,1,0
BRDA:266,27,0,0
BRDA:266,27,1,0
BRDA:266,27,2,0
BRDA:266,27,3,0
BRDA:274,28,0,0
BRDA:274,28,1,0
BRDA:299,29,0,0
BRDA:299,29,1,0
BRF:69
BRH:0
end_of_record
TN:
SF:middlewares\authAdmin.js
FN:4,(anonymous_0)
FNF:1
FNH:0
FNDA:0,(anonymous_0)
DA:4,3
DA:5,0
DA:6,0
DA:7,0
DA:8,0
DA:10,0
DA:11,0
DA:12,0
DA:15,0
DA:17,0
DA:18,0
LF:11
LH:1
BRDA:7,0,0,0
BRDA:7,0,1,0
BRDA:11,1,0,0
BRDA:11,1,1,0
BRF:4
BRH:0
end_of_record
TN:
SF:middlewares\authDoctor.js
FN:4,(anonymous_0)
FNF:1
FNH:0
FNDA:0,(anonymous_0)
DA:4,3
DA:5,0
DA:6,0
DA:7,0
DA:8,0
DA:10,0
DA:12,0
DA:13,0
DA:16,0
DA:17,0
DA:19,0
DA:20,0
LF:12
LH:1
BRDA:7,0,0,0
BRDA:7,0,1,0
BRDA:12,1,0,0
BRDA:12,1,1,0
BRF:4
BRH:0
end_of_record
TN:
SF:middlewares\authUser.js
FN:4,(anonymous_0)
FNF:1
FNH:0
FNDA:0,(anonymous_0)
DA:4,3
DA:5,0
DA:6,0
DA:7,0
DA:8,0
DA:10,0
DA:12,0
DA:13,0
DA:16,0
DA:17,0
DA:19,0
DA:20,0
LF:12
LH:1
BRDA:7,0,0,0
BRDA:7,0,1,0
BRDA:12,1,0,0
BRDA:12,1,1,0
BRF:4
BRH:0
end_of_record
TN:
SF:middlewares\multer.js
FN:4,(anonymous_0)
FNF:1
FNH:0
FNDA:0,(anonymous_0)
DA:3,3
DA:5,0
DA:9,3
LF:3
LH:2
BRF:0
BRH:0
end_of_record
TN:
SF:models\appointmentModel.js
FNF:0
FNH:0
DA:3,3
DA:17,3
DA:19,3
LF:3
LH:3
BRDA:19,0,0,3
BRDA:19,0,1,3
BRF:2
BRH:2
end_of_record
TN:
SF:models\doctorModel.js
FNF:0
FNH:0
DA:3,3
DA:19,3
LF:2
LH:2
BRDA:19,0,0,3
BRDA:19,0,1,3
BRF:2
BRH:2
end_of_record
TN:
SF:models\prescriptionModel.js
FNF:0
FNH:0
DA:3,3
DA:48,3
DA:49,3
DA:50,3
DA:52,3
LF:5
LH:5
BRDA:52,0,0,3
BRDA:52,0,1,3
BRF:2
BRH:2
end_of_record
TN:
SF:models\questionModel.js
FNF:0
FNH:0
DA:3,3
DA:58,3
DA:59,3
LF:3
LH:3
BRF:0
BRH:0
end_of_record
TN:
SF:models\userModel.js
FNF:0
FNH:0
DA:3,3
DA:16,3
LF:2
LH:2
BRDA:16,0,0,3
BRDA:16,0,1,3
BRF:2
BRH:2
end_of_record
TN:
SF:routes\adminRoute.js
FNF:0
FNH:0
DA:7,3
DA:9,3
DA:10,3
DA:11,3
DA:12,3
DA:13,3
DA:14,3
DA:15,3
DA:16,3
DA:17,3
DA:18,3
DA:19,3
LF:12
LH:12
BRF:0
BRH:0
end_of_record
TN:
SF:routes\doctorRoute.js
FN:26,(anonymous_0)
FN:29,(anonymous_1)
FN:38,(anonymous_2)
FNF:3
FNH:0
FNDA:0,(anonymous_0)
FNDA:0,(anonymous_1)
FNDA:0,(anonymous_2)
DA:19,3
DA:20,3
DA:21,0
DA:25,3
DA:27,0
DA:30,0
DA:31,0
DA:35,3
DA:39,0
DA:40,0
DA:42,0
DA:51,3
DA:53,3
DA:54,3
DA:55,3
DA:56,3
DA:57,3
DA:58,3
DA:59,3
DA:60,3
DA:61,3
DA:62,3
DA:63,3
DA:64,3
DA:70,3
DA:74,3
DA:79,3
LF:27
LH:20
BRDA:20,0,0,0
BRDA:20,0,1,3
BRDA:39,1,0,0
BRDA:39,1,1,0
BRF:4
BRH:1
end_of_record
TN:
SF:routes\userRoute.js
FNF:0
FNH:0
DA:14,3
DA:16,3
DA:17,3
DA:18,3
DA:19,3
DA:20,3
DA:21,3
DA:22,3
DA:24,3
DA:25,3
DA:26,3
DA:27,3
DA:28,3
DA:29,3
LF:14
LH:14
BRF:0
BRH:0
end_of_record
TN:
SF:tests\setup\integration.setup.js
FN:6,(anonymous_0)
FN:20,(anonymous_1)
FN:37,(anonymous_2)
FNF:3
FNH:2
FNDA:10,(anonymous_0)
FNDA:0,(anonymous_1)
FNDA:10,(anonymous_2)
DA:6,3
DA:7,10
DA:9,10
DA:10,44
DA:11,44
DA:12,44
DA:14,41
DA:20,3
DA:21,0
DA:23,0
DA:24,0
DA:25,0
DA:26,0
DA:29,0
DA:30,0
DA:37,3
DA:38,10
LF:17
LH:10
BRDA:29,0,0,0
BRDA:29,0,1,0
BRF:2
BRH:0
end_of_record
